receptor = 8if2_S-RBD.pdb
ligand = GMCSF_openbabel_smiles_to_2d_sdf.sdf

autobox_ligand = 8if2_K-mol.pdb        
autobox_add = 10

energy_range = 4

out = 03_docked.sdf

log = 03_log.log   _______  _______ _________ _        _______ 
  (  ____ \(       )\__   __/( (    /|(  ___  )
  | (    \/| () () |   ) (   |  \  ( || (   ) |
  | (_____ | || || |   | |   |   \ | || (___) |
  (_____  )| |(_)| |   | |   | (\ \) ||  ___  |
        ) || |   | |   | |   | | \   || (   ) |
  /\____) || )   ( |___) (___| )  \  || )   ( |
  \_______)|/     \|\_______/|/    )_)|/     \|


smina is based off AutoDock Vina. Please cite appropriately.

Weights      Terms
-0.035579    gauss(o=0,_w=0.5,_c=8)
-0.005156    gauss(o=3,_w=2,_c=8)
0.840245     repulsion(o=0,_c=8)
-0.035069    hydrophobic(g=0.5,_b=1.5,_c=8)
-0.587439    non_dir_h_bond(g=-0.7,_b=0,_c=8)
1.923        num_tors_div

Using random seed: -962432804

mode |   affinity | dist from best mode
     | (kcal/mol) | rmsd l.b.| rmsd u.b.
-----+------------+----------+----------
1       -4.3       0.000      0.000    
2       -4.2       4.328      9.316    
3       -4.2       5.861      11.724   
4       -4.2       4.649      8.133    
5       -4.2       6.111      11.231   
6       -4.1       5.533      10.456   
7       -4.1       2.620      5.781    
8       -4.1       6.250      13.345   
9       -4.1       3.668      9.691    
