receptor = 8if2_ACE2.pdb
ligand = GMCSF_openbabel_smiles_to_2d_sdf.sdf

autobox_ligand = 8if2_Spike_SARS-Cov2.pdb       
autobox_add = 10

energy_range = 4

out = 04_docked.sdf

log = 04_log.log   _______  _______ _________ _        _______ 
  (  ____ \(       )\__   __/( (    /|(  ___  )
  | (    \/| () () |   ) (   |  \  ( || (   ) |
  | (_____ | || || |   | |   |   \ | || (___) |
  (_____  )| |(_)| |   | |   | (\ \) ||  ___  |
        ) || |   | |   | |   | | \   || (   ) |
  /\____) || )   ( |___) (___| )  \  || )   ( |
  \_______)|/     \|\_______/|/    )_)|/     \|


smina is based off AutoDock Vina. Please cite appropriately.

Weights      Terms
-0.035579    gauss(o=0,_w=0.5,_c=8)
-0.005156    gauss(o=3,_w=2,_c=8)
0.840245     repulsion(o=0,_c=8)
-0.035069    hydrophobic(g=0.5,_b=1.5,_c=8)
-0.587439    non_dir_h_bond(g=-0.7,_b=0,_c=8)
1.923        num_tors_div

Using random seed: -611998671

mode |   affinity | dist from best mode
     | (kcal/mol) | rmsd l.b.| rmsd u.b.
-----+------------+----------+----------
1       -7.3       0.000      0.000    
2       -7.2       2.605      8.800    
3       -7.1       3.798      8.537    
4       -7.1       2.701      8.127    
5       -6.9       2.128      5.765    
6       -6.9       2.171      4.626    
7       -6.9       2.698      6.104    
8       -6.8       4.258      8.322    
9       -6.8       3.590      7.351    
