receptor = 6et4_DHODH.pdb
ligand = GMCSF.sdf

center_x = 47.676
center_y = 109.003
center_z = 3.888

size_x = 80
size_y = 78
size_z = 78

energy_range = 4

out = 01_docked.sdf

log = 01_log.log   _______  _______ _________ _        _______ 
  (  ____ \(       )\__   __/( (    /|(  ___  )
  | (    \/| () () |   ) (   |  \  ( || (   ) |
  | (_____ | || || |   | |   |   \ | || (___) |
  (_____  )| |(_)| |   | |   | (\ \) ||  ___  |
        ) || |   | |   | |   | | \   || (   ) |
  /\____) || )   ( |___) (___| )  \  || )   ( |
  \_______)|/     \|\_______/|/    )_)|/     \|


smina is based off AutoDock Vina. Please cite appropriately.

Weights      Terms
-0.035579    gauss(o=0,_w=0.5,_c=8)
-0.005156    gauss(o=3,_w=2,_c=8)
0.840245     repulsion(o=0,_c=8)
-0.035069    hydrophobic(g=0.5,_b=1.5,_c=8)
-0.587439    non_dir_h_bond(g=-0.7,_b=0,_c=8)
1.923        num_tors_div

Using random seed: 518016328

mode |   affinity | dist from best mode
     | (kcal/mol) | rmsd l.b.| rmsd u.b.
-----+------------+----------+----------
1       -7.7       0.000      0.000    
2       -7.5       31.513     35.617   
3       -7.5       1.774      3.259    
4       -7.5       31.633     35.214   
5       -7.3       2.818      5.694    
6       -7.3       3.425      15.571   
7       -7.3       2.679      4.615    
8       -7.2       2.068      3.623    
9       -7.1       2.210      4.048    
