receptor = 6et4_DHODH.pdb
ligand = GMCSF_openbabel_smiles_to_2d_sdf.sdf

center_x = 47.676
center_y = 109.003
center_z = 3.888

size_x = 80
size_y = 78
size_z = 78

energy_range = 4

out = 02_docked.sdf

log = 02_log.log   _______  _______ _________ _        _______ 
  (  ____ \(       )\__   __/( (    /|(  ___  )
  | (    \/| () () |   ) (   |  \  ( || (   ) |
  | (_____ | || || |   | |   |   \ | || (___) |
  (_____  )| |(_)| |   | |   | (\ \) ||  ___  |
        ) || |   | |   | |   | | \   || (   ) |
  /\____) || )   ( |___) (___| )  \  || )   ( |
  \_______)|/     \|\_______/|/    )_)|/     \|


smina is based off AutoDock Vina. Please cite appropriately.

Weights      Terms
-0.035579    gauss(o=0,_w=0.5,_c=8)
-0.005156    gauss(o=3,_w=2,_c=8)
0.840245     repulsion(o=0,_c=8)
-0.035069    hydrophobic(g=0.5,_b=1.5,_c=8)
-0.587439    non_dir_h_bond(g=-0.7,_b=0,_c=8)
1.923        num_tors_div

Using random seed: 378441068

mode |   affinity | dist from best mode
     | (kcal/mol) | rmsd l.b.| rmsd u.b.
-----+------------+----------+----------
1       -8.3       0.000      0.000    
2       -8.2       2.726      5.713    
3       -8.2       4.008      6.477    
4       -8.1       2.439      12.245   
5       -8.0       2.805      5.807    
6       -8.0       2.426      12.610   
7       -8.0       2.632      12.354   
8       -8.0       3.227      10.001   
9       -8.0       3.003      12.883   
