receptor = 7k2v_PIKfyve.pdb
ligand = GMCSF_openbabel_smiles_to_2d_sdf.sdf

center_x = 170.943
center_y = 246.554
center_z = 201.335

size_x = 78
size_y = 80
size_z = 96

energy_range = 4

out = 02_docked.sdf

log = 02_log.log   _______  _______ _________ _        _______ 
  (  ____ \(       )\__   __/( (    /|(  ___  )
  | (    \/| () () |   ) (   |  \  ( || (   ) |
  | (_____ | || || |   | |   |   \ | || (___) |
  (_____  )| |(_)| |   | |   | (\ \) ||  ___  |
        ) || |   | |   | |   | | \   || (   ) |
  /\____) || )   ( |___) (___| )  \  || )   ( |
  \_______)|/     \|\_______/|/    )_)|/     \|


smina is based off AutoDock Vina. Please cite appropriately.

Weights      Terms
-0.035579    gauss(o=0,_w=0.5,_c=8)
-0.005156    gauss(o=3,_w=2,_c=8)
0.840245     repulsion(o=0,_c=8)
-0.035069    hydrophobic(g=0.5,_b=1.5,_c=8)
-0.587439    non_dir_h_bond(g=-0.7,_b=0,_c=8)
1.923        num_tors_div

Using random seed: 204789575

mode |   affinity | dist from best mode
     | (kcal/mol) | rmsd l.b.| rmsd u.b.
-----+------------+----------+----------
1       -8.7       0.000      0.000    
2       -8.6       2.737      8.986    
3       -8.5       2.439      9.324    
4       -8.4       2.544      8.895    
5       -8.3       2.763      7.863    
6       -8.3       3.035      7.162    
7       -8.3       3.838      8.795    
8       -8.3       3.459      8.698    
9       -8.3       2.510      9.045    
