receptor = 6wuu_PLpro.pdb
ligand = GMCSF.sdf

center_x = 33.079
center_y = 78.773
center_z = 7.613

size_x = 108
size_y = 78
size_z = 112

energy_range = 4

out = 01_docked.sdf

log = 01_log.log   _______  _______ _________ _        _______ 
  (  ____ \(       )\__   __/( (    /|(  ___  )
  | (    \/| () () |   ) (   |  \  ( || (   ) |
  | (_____ | || || |   | |   |   \ | || (___) |
  (_____  )| |(_)| |   | |   | (\ \) ||  ___  |
        ) || |   | |   | |   | | \   || (   ) |
  /\____) || )   ( |___) (___| )  \  || )   ( |
  \_______)|/     \|\_______/|/    )_)|/     \|


smina is based off AutoDock Vina. Please cite appropriately.

Weights      Terms
-0.035579    gauss(o=0,_w=0.5,_c=8)
-0.005156    gauss(o=3,_w=2,_c=8)
0.840245     repulsion(o=0,_c=8)
-0.035069    hydrophobic(g=0.5,_b=1.5,_c=8)
-0.587439    non_dir_h_bond(g=-0.7,_b=0,_c=8)
1.923        num_tors_div

Using random seed: 405711477

mode |   affinity | dist from best mode
     | (kcal/mol) | rmsd l.b.| rmsd u.b.
-----+------------+----------+----------
1       -6.0       0.000      0.000    
2       -5.7       2.755      9.977    
3       -5.6       27.689     32.955   
4       -5.6       31.331     37.893   
5       -5.6       28.025     32.211   
6       -5.5       29.128     32.999   
7       -5.5       30.831     36.985   
8       -5.5       27.578     32.899   
9       -5.5       2.470      7.464    
