receptor = 6djz_S1R.pdb
ligand = GMCSF.sdf

center_x = 13.278
center_y = 32.917
center_z = -31.278

size_x = 82
size_y = 52
size_z = 74

energy_range = 4

out = 01_docked.sdf

log = 01_log.log   _______  _______ _________ _        _______ 
  (  ____ \(       )\__   __/( (    /|(  ___  )
  | (    \/| () () |   ) (   |  \  ( || (   ) |
  | (_____ | || || |   | |   |   \ | || (___) |
  (_____  )| |(_)| |   | |   | (\ \) ||  ___  |
        ) || |   | |   | |   | | \   || (   ) |
  /\____) || )   ( |___) (___| )  \  || )   ( |
  \_______)|/     \|\_______/|/    )_)|/     \|


smina is based off AutoDock Vina. Please cite appropriately.

Weights      Terms
-0.035579    gauss(o=0,_w=0.5,_c=8)
-0.005156    gauss(o=3,_w=2,_c=8)
0.840245     repulsion(o=0,_c=8)
-0.035069    hydrophobic(g=0.5,_b=1.5,_c=8)
-0.587439    non_dir_h_bond(g=-0.7,_b=0,_c=8)
1.923        num_tors_div

Using random seed: 2069409592

mode |   affinity | dist from best mode
     | (kcal/mol) | rmsd l.b.| rmsd u.b.
-----+------------+----------+----------
1       -6.9       0.000      0.000    
2       -6.9       1.591      2.872    
3       -6.7       35.091     40.731   
4       -6.6       4.405      7.999    
5       -6.6       3.272      6.700    
6       -6.5       4.610      8.223    
7       -6.4       4.533      13.796   
8       -6.4       3.172      11.943   
9       -6.4       4.532      13.755   
