receptor = 7meq_TMPRSS2.pdb
ligand = GMCSF.sdf

center_x = -7.503
center_y = -5.226
center_z = 14.916

size_x = 76
size_y = 120
size_z = 104

energy_range = 4

out = 01_docked.sdf

log = 01_log.log   _______  _______ _________ _        _______ 
  (  ____ \(       )\__   __/( (    /|(  ___  )
  | (    \/| () () |   ) (   |  \  ( || (   ) |
  | (_____ | || || |   | |   |   \ | || (___) |
  (_____  )| |(_)| |   | |   | (\ \) ||  ___  |
        ) || |   | |   | |   | | \   || (   ) |
  /\____) || )   ( |___) (___| )  \  || )   ( |
  \_______)|/     \|\_______/|/    )_)|/     \|


smina is based off AutoDock Vina. Please cite appropriately.

Weights      Terms
-0.035579    gauss(o=0,_w=0.5,_c=8)
-0.005156    gauss(o=3,_w=2,_c=8)
0.840245     repulsion(o=0,_c=8)
-0.035069    hydrophobic(g=0.5,_b=1.5,_c=8)
-0.587439    non_dir_h_bond(g=-0.7,_b=0,_c=8)
1.923        num_tors_div

Using random seed: 1447876184

mode |   affinity | dist from best mode
     | (kcal/mol) | rmsd l.b.| rmsd u.b.
-----+------------+----------+----------
1       -6.3       0.000      0.000    
2       -6.3       24.373     29.855   
3       -6.3       8.431      17.020   
4       -6.2       24.805     30.228   
5       -6.2       25.830     30.221   
6       -6.1       25.692     32.624   
7       -6.1       24.549     29.956   
8       -6.0       25.069     32.173   
9       -5.9       2.551      9.074    
