receptor = 5oc9_TMEM16.pdb
ligand = GMCSF_openbabel_smiles_to_2d_sdf.sdf

center_x = 40.576
center_y = 68.738
center_z = 54.024

size_x = 126
size_y = 92
size_z = 126

energy_range = 4

out = 02_docked.sdf

log = 02_log.log   _______  _______ _________ _        _______ 
  (  ____ \(       )\__   __/( (    /|(  ___  )
  | (    \/| () () |   ) (   |  \  ( || (   ) |
  | (_____ | || || |   | |   |   \ | || (___) |
  (_____  )| |(_)| |   | |   | (\ \) ||  ___  |
        ) || |   | |   | |   | | \   || (   ) |
  /\____) || )   ( |___) (___| )  \  || )   ( |
  \_______)|/     \|\_______/|/    )_)|/     \|


smina is based off AutoDock Vina. Please cite appropriately.

Weights      Terms
-0.035579    gauss(o=0,_w=0.5,_c=8)
-0.005156    gauss(o=3,_w=2,_c=8)
0.840245     repulsion(o=0,_c=8)
-0.035069    hydrophobic(g=0.5,_b=1.5,_c=8)
-0.587439    non_dir_h_bond(g=-0.7,_b=0,_c=8)
1.923        num_tors_div

Using random seed: -526246996

mode |   affinity | dist from best mode
     | (kcal/mol) | rmsd l.b.| rmsd u.b.
-----+------------+----------+----------
1       -7.5       0.000      0.000    
2       -6.9       0.993      2.675    
3       -6.9       1.280      3.017    
4       -6.8       2.409      8.632    
5       -6.7       2.577      5.760    
6       -6.7       22.208     26.473   
7       -6.7       25.445     29.796   
8       -6.6       22.960     27.344   
9       -6.6       1.299      2.024    
