receptor = 5oc9_TMEM16.pdb
ligand = GMCSF_openbabel_smiles_to_2d_sdf.sdf

autobox_ligand = 5oc9_mol.pdb     
autobox_add = 10

energy_range = 4

out = 03_docked.sdf

log = 03_log.log   _______  _______ _________ _        _______ 
  (  ____ \(       )\__   __/( (    /|(  ___  )
  | (    \/| () () |   ) (   |  \  ( || (   ) |
  | (_____ | || || |   | |   |   \ | || (___) |
  (_____  )| |(_)| |   | |   | (\ \) ||  ___  |
        ) || |   | |   | |   | | \   || (   ) |
  /\____) || )   ( |___) (___| )  \  || )   ( |
  \_______)|/     \|\_______/|/    )_)|/     \|


smina is based off AutoDock Vina. Please cite appropriately.

Weights      Terms
-0.035579    gauss(o=0,_w=0.5,_c=8)
-0.005156    gauss(o=3,_w=2,_c=8)
0.840245     repulsion(o=0,_c=8)
-0.035069    hydrophobic(g=0.5,_b=1.5,_c=8)
-0.587439    non_dir_h_bond(g=-0.7,_b=0,_c=8)
1.923        num_tors_div

Using random seed: 1369041700

mode |   affinity | dist from best mode
     | (kcal/mol) | rmsd l.b.| rmsd u.b.
-----+------------+----------+----------
1       -5.3       0.000      0.000    
2       -5.1       2.415      5.041    
3       -5.0       2.618      4.954    
4       -5.0       4.438      10.301   
5       -4.9       1.920      6.124    
6       -4.9       2.530      7.583    
7       -4.9       3.940      7.220    
8       -4.9       2.556      7.788    
9       -4.9       2.126      5.157    
