receptor = 8ddm_Mpro.pdb
ligand = GMCSF_openbabel_smiles_to_2d_sdf.sdf

autobox_ligand = 8ddm_mol.pdb        
autobox_add = 10

energy_range = 4

out = 03_docked.sdf

log = 03_log.log   _______  _______ _________ _        _______ 
  (  ____ \(       )\__   __/( (    /|(  ___  )
  | (    \/| () () |   ) (   |  \  ( || (   ) |
  | (_____ | || || |   | |   |   \ | || (___) |
  (_____  )| |(_)| |   | |   | (\ \) ||  ___  |
        ) || |   | |   | |   | | \   || (   ) |
  /\____) || )   ( |___) (___| )  \  || )   ( |
  \_______)|/     \|\_______/|/    )_)|/     \|


smina is based off AutoDock Vina. Please cite appropriately.

Weights      Terms
-0.035579    gauss(o=0,_w=0.5,_c=8)
-0.005156    gauss(o=3,_w=2,_c=8)
0.840245     repulsion(o=0,_c=8)
-0.035069    hydrophobic(g=0.5,_b=1.5,_c=8)
-0.587439    non_dir_h_bond(g=-0.7,_b=0,_c=8)
1.923        num_tors_div

Using random seed: 1964830048

mode |   affinity | dist from best mode
     | (kcal/mol) | rmsd l.b.| rmsd u.b.
-----+------------+----------+----------
1       -8.2       0.000      0.000    
2       -8.1       1.429      2.562    
3       -8.0       1.757      3.498    
4       -8.0       2.227      3.584    
5       -7.9       2.229      4.968    
6       -7.8       3.178      6.572    
7       -7.8       1.497      3.247    
8       -7.8       1.783      3.076    
9       -7.8       1.930      3.974    
