receptor = 8ddm_Mpro.pdb
ligand = GMCSF.sdf

center_x = 14.506
center_y = -0.305
center_z = 23.721

size_x = 62
size_y = 62
size_z = 58

energy_range = 4

out = 01_docked.sdf

log = 01_log.log   _______  _______ _________ _        _______ 
  (  ____ \(       )\__   __/( (    /|(  ___  )
  | (    \/| () () |   ) (   |  \  ( || (   ) |
  | (_____ | || || |   | |   |   \ | || (___) |
  (_____  )| |(_)| |   | |   | (\ \) ||  ___  |
        ) || |   | |   | |   | | \   || (   ) |
  /\____) || )   ( |___) (___| )  \  || )   ( |
  \_______)|/     \|\_______/|/    )_)|/     \|


smina is based off AutoDock Vina. Please cite appropriately.

Weights      Terms
-0.035579    gauss(o=0,_w=0.5,_c=8)
-0.005156    gauss(o=3,_w=2,_c=8)
0.840245     repulsion(o=0,_c=8)
-0.035069    hydrophobic(g=0.5,_b=1.5,_c=8)
-0.587439    non_dir_h_bond(g=-0.7,_b=0,_c=8)
1.923        num_tors_div

Using random seed: 1583472700

mode |   affinity | dist from best mode
     | (kcal/mol) | rmsd l.b.| rmsd u.b.
-----+------------+----------+----------
1       -6.8       0.000      0.000    
2       -6.8       2.665      6.774    
3       -6.5       3.973      7.992    
4       -6.1       3.035      7.818    
5       -6.0       21.444     26.642   
6       -5.9       3.166      7.830    
7       -5.8       21.154     26.791   
8       -5.8       3.127      7.702    
9       -5.8       21.212     28.631   
