receptor = 7meq_TMPRSS2.pdb
ligand = GMCSF_openbabel_smiles_to_2d_sdf.sdf

autobox_ligand = 7meq_mol.pdb    
autobox_add = 10

energy_range = 4

out = 03_docked.sdf

log = 03_log.log   _______  _______ _________ _        _______ 
  (  ____ \(       )\__   __/( (    /|(  ___  )
  | (    \/| () () |   ) (   |  \  ( || (   ) |
  | (_____ | || || |   | |   |   \ | || (___) |
  (_____  )| |(_)| |   | |   | (\ \) ||  ___  |
        ) || |   | |   | |   | | \   || (   ) |
  /\____) || )   ( |___) (___| )  \  || )   ( |
  \_______)|/     \|\_______/|/    )_)|/     \|


smina is based off AutoDock Vina. Please cite appropriately.

Weights      Terms
-0.035579    gauss(o=0,_w=0.5,_c=8)
-0.005156    gauss(o=3,_w=2,_c=8)
0.840245     repulsion(o=0,_c=8)
-0.035069    hydrophobic(g=0.5,_b=1.5,_c=8)
-0.587439    non_dir_h_bond(g=-0.7,_b=0,_c=8)
1.923        num_tors_div

Using random seed: -1768291950

mode |   affinity | dist from best mode
     | (kcal/mol) | rmsd l.b.| rmsd u.b.
-----+------------+----------+----------
1       -4.3       0.000      0.000    
2       -4.2       2.201      4.610    
3       -4.2       4.397      9.827    
4       -4.1       5.548      9.683    
5       -4.1       2.513      8.038    
6       -4.0       2.563      6.926    
7       -4.0       3.525      7.370    
8       -4.0       2.606      7.060    
9       -4.0       2.545      7.498    
